<?xml version="1.0" encoding="UTF-8"?>
<testng-results skipped="0" failed="0" total="1" passed="1">
  <reporter-output>
  </reporter-output>
  <suite name="Default suite" duration-ms="51118" started-at="2021-12-31T07:42:12Z" finished-at="2021-12-31T07:43:03Z">
    <groups>
      <group name="cucumber">
        <method signature="TestRunner.feature(cucumber.api.testng.CucumberFeatureWrapper)[pri:0, instance:com.cucumberFramework.testRunner.TestRunner@74174a23]" name="feature" class="com.cucumberFramework.testRunner.TestRunner"/>
      </group> <!-- cucumber -->
    </groups>
    <test name="Default test" duration-ms="51118" started-at="2021-12-31T07:42:12Z" finished-at="2021-12-31T07:43:03Z">
      <class name="com.cucumberFramework.testRunner.TestRunner">
        <test-method status="PASS" signature="setUpClass()[pri:0, instance:com.cucumberFramework.testRunner.TestRunner@74174a23]" name="setUpClass" is-config="true" duration-ms="1340" started-at="2021-12-31T13:12:12Z" finished-at="2021-12-31T13:12:13Z">
          <reporter-output>
          </reporter-output>
        </test-method> <!-- setUpClass -->
        <test-method status="PASS" signature="feature(cucumber.api.testng.CucumberFeatureWrapper)[pri:0, instance:com.cucumberFramework.testRunner.TestRunner@74174a23]" name="feature" duration-ms="49199" started-at="2021-12-31T13:12:14Z" description="Runs cucmber Features" data-provider="features" finished-at="2021-12-31T13:13:03Z">
          <params>
            <param index="0">
              <value>
                <![CDATA[Login to Flipkart]]>
              </value>
            </param>
          </params>
          <reporter-output>
          </reporter-output>
        </test-method> <!-- feature -->
        <test-method status="PASS" signature="testDownClass()[pri:0, instance:com.cucumberFramework.testRunner.TestRunner@74174a23]" name="testDownClass" is-config="true" duration-ms="24" started-at="2021-12-31T13:13:03Z" finished-at="2021-12-31T13:13:03Z">
          <reporter-output>
          </reporter-output>
        </test-method> <!-- testDownClass -->
      </class> <!-- com.cucumberFramework.testRunner.TestRunner -->
    </test> <!-- Default test -->
  </suite> <!-- Default suite -->
</testng-results>
